<?xml version="1.0" encoding="UTF-8"?>
<testng-results skipped="0" failed="0" total="1" passed="1">
  <reporter-output>
  </reporter-output>
  <suite name="Default suite" duration-ms="266" started-at="2017-05-07T16:09:00Z" finished-at="2017-05-07T16:09:01Z">
    <groups>
    </groups>
    <test name="Default test" duration-ms="266" started-at="2017-05-07T16:09:00Z" finished-at="2017-05-07T16:09:01Z">
      <class name="PageActions.ToTestonly">
        <test-method status="PASS" signature="testusername()[pri:0, instance:PageActions.ToTestonly@18be83e4]" name="testusername" duration-ms="234" started-at="2017-05-07T21:39:00Z" finished-at="2017-05-07T21:39:01Z">
          <reporter-output>
          </reporter-output>
        </test-method> <!-- testusername -->
      </class> <!-- PageActions.ToTestonly -->
    </test> <!-- Default test -->
  </suite> <!-- Default suite -->
</testng-results>
